1641084650483	mozrunner::runner	INFO	Running command: "/usr/bin/firefox" "-marionette" "-foreground" "-no-remote" "-profile" "/tmp/rust_mozprofileTfva9B"
console.error: Enterprise Policies: 
  Error parsing JSON file: SyntaxError: JSON.parse: expected double-quoted property name at line 16 column 5 of the JSON data
1641084652390	Marionette	INFO	Marionette enabled
console.warn: SearchSettings: "get: No settings file exists, new profile?" (new NotFoundError("Could not open the file at /tmp/rust_mozprofileTfva9B/search.json.mozlz4", (void 0)))
1641084659456	Marionette	INFO	Listening on port 42287
1641084659526	RemoteAgent	WARN	TLS certificate errors will be ignored for this session
1641084671872	Marionette	INFO	Stopped listening on port 42287
JavaScript error: resource:///modules/Interactions.jsm, line 209: NS_ERROR_FAILURE: Component returned failure code: 0x80004005 (NS_ERROR_FAILURE) [nsIUserIdleService.removeIdleObserver]
JavaScript error: chrome://remote/content/marionette/cert.js, line 55: NS_ERROR_NOT_AVAILABLE: Component returned failure code: 0x80040111 (NS_ERROR_NOT_AVAILABLE) [nsICertOverrideService.setDisableAllSecurityChecksAndLetAttackersInterceptMyData]
1641084673100	mozrunner::runner	INFO	Running command: "/usr/bin/firefox" "-marionette" "-foreground" "-no-remote" "-profile" "/tmp/rust_mozprofileN5rKas"
console.error: Enterprise Policies: 
  Error parsing JSON file: SyntaxError: JSON.parse: expected double-quoted property name at line 16 column 5 of the JSON data
1641084674914	Marionette	INFO	Marionette enabled
JavaScript error: resource://gre/modules/AsyncShutdown.jsm, line 575: NotFoundError: No such JSWindowActor 'MarionetteEvents'

###!!! [Parent][MessageChannel] Error: (msgtype=0x390076,name=PContent::Msg_DestroyBrowsingContextGroup) Closed channel: cannot send/recv

console.warn: SearchSettings: "get: No settings file exists, new profile?" (new NotFoundError("Could not open the file at /tmp/rust_mozprofileN5rKas/search.json.mozlz4", (void 0)))
1641084683893	Marionette	INFO	Listening on port 35305
1641084684218	RemoteAgent	WARN	TLS certificate errors will be ignored for this session
1641084686020	mozrunner::runner	INFO	Running command: "/usr/bin/firefox" "-marionette" "-foreground" "-no-remote" "-profile" "/tmp/rust_mozprofile92E1q7"
console.error: Enterprise Policies: 
  Error parsing JSON file: SyntaxError: JSON.parse: expected double-quoted property name at line 16 column 5 of the JSON data
1641084687672	Marionette	INFO	Marionette enabled
console.warn: SearchSettings: "get: No settings file exists, new profile?" (new NotFoundError("Could not open the file at /tmp/rust_mozprofile92E1q7/search.json.mozlz4", (void 0)))
1641084694218	Marionette	INFO	Listening on port 34727
1641084694361	RemoteAgent	WARN	TLS certificate errors will be ignored for this session
1641084704356	Marionette	INFO	Stopped listening on port 34727
JavaScript error: resource:///modules/Interactions.jsm, line 209: NS_ERROR_FAILURE: Component returned failure code: 0x80004005 (NS_ERROR_FAILURE) [nsIUserIdleService.removeIdleObserver]
1641084722368	Marionette	INFO	Stopped listening on port 35305
JavaScript error: resource:///modules/Interactions.jsm, line 209: NS_ERROR_FAILURE: Component returned failure code: 0x80004005 (NS_ERROR_FAILURE) [nsIUserIdleService.removeIdleObserver]
1641085389656	mozrunner::runner	INFO	Running command: "/usr/bin/firefox" "-marionette" "-foreground" "-no-remote" "-profile" "/tmp/rust_mozprofilesVd2Tt"
console.error: Enterprise Policies: 
  Error parsing JSON file: SyntaxError: JSON.parse: expected double-quoted property name at line 16 column 5 of the JSON data
1641085391561	Marionette	INFO	Marionette enabled
console.warn: SearchSettings: "get: No settings file exists, new profile?" (new NotFoundError("Could not open the file at /tmp/rust_mozprofilesVd2Tt/search.json.mozlz4", (void 0)))
1641085397752	Marionette	INFO	Listening on port 37431
1641085397858	RemoteAgent	WARN	TLS certificate errors will be ignored for this session
1641085407032	mozrunner::runner	INFO	Running command: "/usr/bin/firefox" "-marionette" "-foreground" "-no-remote" "-profile" "/tmp/rust_mozprofile74QRQw"
console.error: Enterprise Policies: 
  Error parsing JSON file: SyntaxError: JSON.parse: expected double-quoted property name at line 16 column 5 of the JSON data
1641085408773	Marionette	INFO	Marionette enabled
console.warn: SearchSettings: "get: No settings file exists, new profile?" (new NotFoundError("Could not open the file at /tmp/rust_mozprofile74QRQw/search.json.mozlz4", (void 0)))
1641085415593	Marionette	INFO	Listening on port 46701
1641085416160	RemoteAgent	WARN	TLS certificate errors will be ignored for this session
1641085486699	Marionette	INFO	Stopped listening on port 46701
JavaScript error: resource:///modules/Interactions.jsm, line 209: NS_ERROR_FAILURE: Component returned failure code: 0x80004005 (NS_ERROR_FAILURE) [nsIUserIdleService.removeIdleObserver]
1641085488161	Marionette	INFO	Stopped listening on port 37431
JavaScript error: resource:///modules/Interactions.jsm, line 209: NS_ERROR_FAILURE: Component returned failure code: 0x80004005 (NS_ERROR_FAILURE) [nsIUserIdleService.removeIdleObserver]

###!!! [Child][RunMessage] Error: Channel closing: too late to send/recv, messages will be lost

